<?xml version="1.0" encoding="UTF-8"?>
<testsuite name="com.gorest.userinfo.UserCRUDTestWithSteps" time="0.007" tests="4" errors="4" skipped="0" failures="0">
  <properties>
    <property name="idea.version" value="2022.3.2"/>
    <property name="java.runtime.name" value="OpenJDK Runtime Environment"/>
    <property name="sun.boot.library.path" value="C:\Users\sahil\.jdks\corretto-1.8.0_372\jre\bin"/>
    <property name="java.vm.version" value="25.372-b07"/>
    <property name="java.vm.vendor" value="Amazon.com Inc."/>
    <property name="maven.multiModuleProjectDirectory" value="C:\Users\sahil\IdeaProjects\gorest-Serenity-project"/>
    <property name="java.vendor.url" value="https://aws.amazon.com/corretto/"/>
    <property name="path.separator" value=";"/>
    <property name="guice.disable.misplaced.annotation.check" value="true"/>
    <property name="java.vm.name" value="OpenJDK 64-Bit Server VM"/>
    <property name="file.encoding.pkg" value="sun.io"/>
    <property name="user.script" value=""/>
    <property name="user.country" value="GB"/>
    <property name="sun.java.launcher" value="SUN_STANDARD"/>
    <property name="sun.os.patch.level" value=""/>
    <property name="java.vm.specification.name" value="Java Virtual Machine Specification"/>
    <property name="user.dir" value="C:\Users\sahil\IdeaProjects\gorest-Serenity-project"/>
    <property name="java.runtime.version" value="1.8.0_372-b07"/>
    <property name="java.awt.graphicsenv" value="sun.awt.Win32GraphicsEnvironment"/>
    <property name="java.endorsed.dirs" value="C:\Users\sahil\.jdks\corretto-1.8.0_372\jre\lib\endorsed"/>
    <property name="os.arch" value="amd64"/>
    <property name="java.io.tmpdir" value="C:\Users\sahil\AppData\Local\Temp\"/>
    <property name="line.separator" value="&#10;"/>
    <property name="java.vm.specification.vendor" value="Oracle Corporation"/>
    <property name="user.variant" value=""/>
    <property name="os.name" value="Windows 11"/>
    <property name="maven.ext.class.path" value="C:\Program Files\JetBrains\IntelliJ IDEA Community Edition 2022.3.2\plugins\maven\lib\maven-event-listener.jar"/>
    <property name="classworlds.conf" value="C:\Program Files\JetBrains\IntelliJ IDEA Community Edition 2022.3.2\plugins\maven\lib\maven3\bin\m2.conf"/>
    <property name="sun.jnu.encoding" value="Cp1252"/>
    <property name="java.library.path" value="C:\Users\sahil\.jdks\corretto-1.8.0_372\bin;C:\Windows\Sun\Java\bin;C:\Windows\system32;C:\Windows;C:\ProgramData\Oracle\Java\javapath;C:\Windows\system32;C:\Windows;C:\Windows\System32\Wbem;C:\Windows\System32\WindowsPowerShell\v1.0\;C:\Windows\System32\OpenSSH\;C:\Program Files\dotnet\;C:\Program Files\Git\cmd;C:\Program Files\Java\jdk1.8.0_121\bin;C:\Program Files\Apache\apache-maven-3.9.1\bin;C:\Program Files\nodejs\;C:\Program Files\Java\jdk1.8.0_121\bin;C:\Users\sahil\AppData\Local\Microsoft\WindowsApps;C:\Users\sahil\AppData\Roaming\npm;."/>
    <property name="jansi.passthrough" value="true"/>
    <property name="maven.conf" value="C:\Program Files\JetBrains\IntelliJ IDEA Community Edition 2022.3.2\plugins\maven\lib\maven3/conf"/>
    <property name="java.specification.name" value="Java Platform API Specification"/>
    <property name="java.class.version" value="52.0"/>
    <property name="sun.management.compiler" value="HotSpot 64-Bit Tiered Compilers"/>
    <property name="os.version" value="10.0"/>
    <property name="user.home" value="C:\Users\sahil"/>
    <property name="user.timezone" value="Europe/London"/>
    <property name="java.awt.printerjob" value="sun.awt.windows.WPrinterJob"/>
    <property name="java.specification.version" value="1.8"/>
    <property name="file.encoding" value="UTF-8"/>
    <property name="user.name" value="sahil"/>
    <property name="java.class.path" value="C:\Program Files\JetBrains\IntelliJ IDEA Community Edition 2022.3.2\plugins\maven\lib\maven3\boot\plexus-classworlds-2.6.0.jar;C:\Program Files\JetBrains\IntelliJ IDEA Community Edition 2022.3.2\plugins\maven\lib\maven3\boot\plexus-classworlds.license;C:\Program Files\JetBrains\IntelliJ IDEA Community Edition 2022.3.2\lib\idea_rt.jar"/>
    <property name="java.vm.specification.version" value="1.8"/>
    <property name="sun.arch.data.model" value="64"/>
    <property name="java.home" value="C:\Users\sahil\.jdks\corretto-1.8.0_372\jre"/>
    <property name="sun.java.command" value="org.codehaus.classworlds.Launcher -Didea.version=2022.3.2 clean verify serenity:aggregate"/>
    <property name="java.specification.vendor" value="Oracle Corporation"/>
    <property name="user.language" value="en"/>
    <property name="awt.toolkit" value="sun.awt.windows.WToolkit"/>
    <property name="java.vm.info" value="mixed mode"/>
    <property name="java.version" value="1.8.0_372"/>
    <property name="java.ext.dirs" value="C:\Users\sahil\.jdks\corretto-1.8.0_372\jre\lib\ext;C:\Windows\Sun\Java\lib\ext"/>
    <property name="sun.boot.class.path" value="C:\Users\sahil\.jdks\corretto-1.8.0_372\jre\lib\resources.jar;C:\Users\sahil\.jdks\corretto-1.8.0_372\jre\lib\rt.jar;C:\Users\sahil\.jdks\corretto-1.8.0_372\jre\lib\sunrsasign.jar;C:\Users\sahil\.jdks\corretto-1.8.0_372\jre\lib\jsse.jar;C:\Users\sahil\.jdks\corretto-1.8.0_372\jre\lib\jce.jar;C:\Users\sahil\.jdks\corretto-1.8.0_372\jre\lib\charsets.jar;C:\Users\sahil\.jdks\corretto-1.8.0_372\jre\lib\jfr.jar;C:\Users\sahil\.jdks\corretto-1.8.0_372\jre\classes"/>
    <property name="java.vendor" value="Amazon.com Inc."/>
    <property name="java.specification.maintenance.version" value="4"/>
    <property name="maven.home" value="C:\Program Files\JetBrains\IntelliJ IDEA Community Edition 2022.3.2\plugins\maven\lib\maven3"/>
    <property name="file.separator" value="\"/>
    <property name="java.vendor.url.bug" value="https://github.com/corretto/corretto-8/issues/"/>
    <property name="sun.cpu.endian" value="little"/>
    <property name="sun.io.unicode.encoding" value="UnicodeLittle"/>
    <property name="sun.desktop" value="windows"/>
    <property name="sun.cpu.isalist" value="amd64"/>
  </properties>
  <testcase name="test001" classname="com.gorest.userinfo.UserCRUDTestWithSteps" time="0.007">
    <error type="java.lang.NullPointerException:">java.lang.NullPointerException: null
	at com.gorest.userinfo.UserCRUDTestWithSteps.test001(UserCRUDTestWithSteps.java:27)
</error>
  </testcase>
  <testcase name="test002" classname="com.gorest.userinfo.UserCRUDTestWithSteps" time="0">
    <error type="java.lang.NullPointerException:">java.lang.NullPointerException: null
	at com.gorest.userinfo.UserCRUDTestWithSteps.test002(UserCRUDTestWithSteps.java:36)
</error>
  </testcase>
  <testcase name="test003" classname="com.gorest.userinfo.UserCRUDTestWithSteps" time="0">
    <error type="java.lang.NullPointerException:">java.lang.NullPointerException: null
	at com.gorest.userinfo.UserCRUDTestWithSteps.test003(UserCRUDTestWithSteps.java:45)
</error>
  </testcase>
  <testcase name="test004" classname="com.gorest.userinfo.UserCRUDTestWithSteps" time="0">
    <error type="java.lang.NullPointerException:">java.lang.NullPointerException: null
	at com.gorest.userinfo.UserCRUDTestWithSteps.test004(UserCRUDTestWithSteps.java:52)
</error>
  </testcase>
</testsuite>